<?xml version="1.0" encoding="UTF-8"?>
<!-- Generated by org.testng.reporters.JUnitReportReporter -->
<testsuite skipped="0" hostname="Surface" name="com.candy.test.CCWTest" tests="1" failures="0" timestamp="08 六月 2017 14:15:35 GMT" time="0.000" errors="0">
  <testcase name="test" time="0.000" classname="com.candy.test.CCWTest"/>
</testsuite> <!-- com.candy.test.CCWTest -->
